E:\UARTDFU_20210721\UARTDFU\DEBUG\UARTDFU.EXE
E:\UARTDFU_20210721\UARTDFU\DEBUG\UARTDFU.ILK
E:\UARTDFU_20210721\UARTDFU\DEBUG\UARTDFU.PDB
E:\UARTDFU_20210721\UARTDFU\UARTDFU\DEBUG\BLUETOOTH.OBJ
E:\UARTDFU_20210721\UARTDFU\UARTDFU\Debug\cl.command.1.tlog
E:\UARTDFU_20210721\UARTDFU\UARTDFU\Debug\CL.read.1.tlog
E:\UARTDFU_20210721\UARTDFU\UARTDFU\Debug\CL.write.1.tlog
E:\UARTDFU_20210721\UARTDFU\UARTDFU\DEBUG\ENCODING.OBJ
E:\UARTDFU_20210721\UARTDFU\UARTDFU\DEBUG\HEXFILE.OBJ
E:\UARTDFU_20210721\UARTDFU\UARTDFU\Debug\link.2516.read.1.tlog
E:\UARTDFU_20210721\UARTDFU\UARTDFU\Debug\link.2516.write.1.tlog
E:\UARTDFU_20210721\UARTDFU\UARTDFU\Debug\link.2516-cvtres.read.1.tlog
E:\UARTDFU_20210721\UARTDFU\UARTDFU\Debug\link.2516-cvtres.write.1.tlog
E:\UARTDFU_20210721\UARTDFU\UARTDFU\Debug\link.command.1.tlog
E:\UARTDFU_20210721\UARTDFU\UARTDFU\Debug\link.read.1.tlog
E:\UARTDFU_20210721\UARTDFU\UARTDFU\Debug\link.write.1.tlog
E:\UARTDFU_20210721\UARTDFU\UARTDFU\Debug\link-cvtres.read.1.tlog
E:\UARTDFU_20210721\UARTDFU\UARTDFU\Debug\link-cvtres.write.1.tlog
E:\UARTDFU_20210721\UARTDFU\UARTDFU\DEBUG\MAIN.OBJ
E:\UARTDFU_20210721\UARTDFU\UARTDFU\Debug\mt.command.1.tlog
E:\UARTDFU_20210721\UARTDFU\UARTDFU\Debug\mt.read.1.tlog
E:\UARTDFU_20210721\UARTDFU\UARTDFU\Debug\mt.write.1.tlog
E:\UARTDFU_20210721\UARTDFU\UARTDFU\DEBUG\PORT.OBJ
E:\UARTDFU_20210721\UARTDFU\UARTDFU\Debug\rc.command.1.tlog
E:\UARTDFU_20210721\UARTDFU\UARTDFU\Debug\rc.read.1.tlog
E:\UARTDFU_20210721\UARTDFU\UARTDFU\Debug\rc.write.1.tlog
E:\UARTDFU_20210721\UARTDFU\UARTDFU\DEBUG\TASKBAR.OBJ
E:\UARTDFU_20210721\UARTDFU\UARTDFU\DEBUG\UARTDFU.EXE.EMBED.MANIFEST
E:\UARTDFU_20210721\UARTDFU\UARTDFU\DEBUG\UARTDFU.EXE.EMBED.MANIFEST.RES
E:\UARTDFU_20210721\UARTDFU\UARTDFU\DEBUG\UARTDFU.EXE.INTERMEDIATE.MANIFEST
E:\UARTDFU_20210721\UARTDFU\UARTDFU\DEBUG\UARTDFU.RES
E:\UARTDFU_20210721\UARTDFU\UARTDFU\Debug\UARTDFU_manifest.rc
E:\UARTDFU_20210721\UARTDFU\UARTDFU\Debug\vc100.idb
E:\UARTDFU_20210721\UARTDFU\UARTDFU\DEBUG\VC100.PDB
