E:\项目\多功能程序烧录器\5. 源码\WORK\PROJECT\多功能程序烧录器3\上位机\UARTDFU\DEBUG\UARTDFU.EXE
E:\项目\多功能程序烧录器\5. 源码\WORK\PROJECT\多功能程序烧录器3\上位机\UARTDFU\DEBUG\UARTDFU.ILK
E:\项目\多功能程序烧录器\5. 源码\WORK\PROJECT\多功能程序烧录器3\上位机\UARTDFU\DEBUG\UARTDFU.PDB
E:\项目\多功能程序烧录器\5. 源码\WORK\PROJECT\多功能程序烧录器3\上位机\UARTDFU\UARTDFU\DEBUG\BLUETOOTH.OBJ
E:\项目\多功能程序烧录器\5. 源码\work\project\多功能程序烧录器3\上位机\UARTDFU\UARTDFU\Debug\cl.command.1.tlog
E:\项目\多功能程序烧录器\5. 源码\work\project\多功能程序烧录器3\上位机\UARTDFU\UARTDFU\Debug\CL.read.1.tlog
E:\项目\多功能程序烧录器\5. 源码\work\project\多功能程序烧录器3\上位机\UARTDFU\UARTDFU\Debug\CL.write.1.tlog
E:\项目\多功能程序烧录器\5. 源码\WORK\PROJECT\多功能程序烧录器3\上位机\UARTDFU\UARTDFU\DEBUG\ENCODING.OBJ
E:\项目\多功能程序烧录器\5. 源码\WORK\PROJECT\多功能程序烧录器3\上位机\UARTDFU\UARTDFU\DEBUG\HEXFILE.OBJ
E:\项目\多功能程序烧录器\5. 源码\work\project\多功能程序烧录器3\上位机\UARTDFU\UARTDFU\Debug\link.command.1.tlog
E:\项目\多功能程序烧录器\5. 源码\work\project\多功能程序烧录器3\上位机\UARTDFU\UARTDFU\Debug\link.read.1.tlog
E:\项目\多功能程序烧录器\5. 源码\work\project\多功能程序烧录器3\上位机\UARTDFU\UARTDFU\Debug\link.write.1.tlog
E:\项目\多功能程序烧录器\5. 源码\work\project\多功能程序烧录器3\上位机\UARTDFU\UARTDFU\Debug\link-cvtres.read.1.tlog
E:\项目\多功能程序烧录器\5. 源码\work\project\多功能程序烧录器3\上位机\UARTDFU\UARTDFU\Debug\link-cvtres.write.1.tlog
E:\项目\多功能程序烧录器\5. 源码\WORK\PROJECT\多功能程序烧录器3\上位机\UARTDFU\UARTDFU\DEBUG\MAIN.OBJ
E:\项目\多功能程序烧录器\5. 源码\work\project\多功能程序烧录器3\上位机\UARTDFU\UARTDFU\Debug\mt.command.1.tlog
E:\项目\多功能程序烧录器\5. 源码\work\project\多功能程序烧录器3\上位机\UARTDFU\UARTDFU\Debug\mt.read.1.tlog
E:\项目\多功能程序烧录器\5. 源码\work\project\多功能程序烧录器3\上位机\UARTDFU\UARTDFU\Debug\mt.write.1.tlog
E:\项目\多功能程序烧录器\5. 源码\WORK\PROJECT\多功能程序烧录器3\上位机\UARTDFU\UARTDFU\DEBUG\PORT.OBJ
E:\项目\多功能程序烧录器\5. 源码\work\project\多功能程序烧录器3\上位机\UARTDFU\UARTDFU\Debug\rc.command.1.tlog
E:\项目\多功能程序烧录器\5. 源码\work\project\多功能程序烧录器3\上位机\UARTDFU\UARTDFU\Debug\rc.read.1.tlog
E:\项目\多功能程序烧录器\5. 源码\work\project\多功能程序烧录器3\上位机\UARTDFU\UARTDFU\Debug\rc.write.1.tlog
E:\项目\多功能程序烧录器\5. 源码\WORK\PROJECT\多功能程序烧录器3\上位机\UARTDFU\UARTDFU\DEBUG\TASKBAR.OBJ
E:\项目\多功能程序烧录器\5. 源码\WORK\PROJECT\多功能程序烧录器3\上位机\UARTDFU\UARTDFU\DEBUG\UARTDFU.EXE.EMBED.MANIFEST
E:\项目\多功能程序烧录器\5. 源码\WORK\PROJECT\多功能程序烧录器3\上位机\UARTDFU\UARTDFU\DEBUG\UARTDFU.EXE.EMBED.MANIFEST.RES
E:\项目\多功能程序烧录器\5. 源码\WORK\PROJECT\多功能程序烧录器3\上位机\UARTDFU\UARTDFU\DEBUG\UARTDFU.EXE.INTERMEDIATE.MANIFEST
E:\项目\多功能程序烧录器\5. 源码\WORK\PROJECT\多功能程序烧录器3\上位机\UARTDFU\UARTDFU\DEBUG\UARTDFU.RES
E:\项目\多功能程序烧录器\5. 源码\work\project\多功能程序烧录器3\上位机\UARTDFU\UARTDFU\Debug\UARTDFU.write.1.tlog
E:\项目\多功能程序烧录器\5. 源码\work\project\多功能程序烧录器3\上位机\UARTDFU\UARTDFU\Debug\UARTDFU_manifest.rc
E:\项目\多功能程序烧录器\5. 源码\work\project\多功能程序烧录器3\上位机\UARTDFU\UARTDFU\Debug\vc100.idb
E:\项目\多功能程序烧录器\5. 源码\WORK\PROJECT\多功能程序烧录器3\上位机\UARTDFU\UARTDFU\DEBUG\VC100.PDB
