E:\UARTDFU_20210721\UARTDFU\UARTDFU\X64\RELEASE\BLUETOOTH.OBJ
E:\UARTDFU_20210721\UARTDFU\UARTDFU\x64\Release\cl.command.1.tlog
E:\UARTDFU_20210721\UARTDFU\UARTDFU\x64\Release\CL.read.1.tlog
E:\UARTDFU_20210721\UARTDFU\UARTDFU\x64\Release\CL.write.1.tlog
E:\UARTDFU_20210721\UARTDFU\UARTDFU\X64\RELEASE\ENCODING.OBJ
E:\UARTDFU_20210721\UARTDFU\UARTDFU\X64\RELEASE\HEXFILE.OBJ
E:\UARTDFU_20210721\UARTDFU\UARTDFU\x64\Release\link.command.1.tlog
E:\UARTDFU_20210721\UARTDFU\UARTDFU\x64\Release\link.read.1.tlog
E:\UARTDFU_20210721\UARTDFU\UARTDFU\x64\Release\link.write.1.tlog
E:\UARTDFU_20210721\UARTDFU\UARTDFU\x64\Release\link-cvtres.read.1.tlog
E:\UARTDFU_20210721\UARTDFU\UARTDFU\x64\Release\link-cvtres.write.1.tlog
E:\UARTDFU_20210721\UARTDFU\UARTDFU\X64\RELEASE\MAIN.OBJ
E:\UARTDFU_20210721\UARTDFU\UARTDFU\x64\Release\mt.command.1.tlog
E:\UARTDFU_20210721\UARTDFU\UARTDFU\x64\Release\mt.read.1.tlog
E:\UARTDFU_20210721\UARTDFU\UARTDFU\x64\Release\mt.write.1.tlog
E:\UARTDFU_20210721\UARTDFU\UARTDFU\X64\RELEASE\PORT.OBJ
E:\UARTDFU_20210721\UARTDFU\UARTDFU\x64\Release\rc.command.1.tlog
E:\UARTDFU_20210721\UARTDFU\UARTDFU\x64\Release\rc.read.1.tlog
E:\UARTDFU_20210721\UARTDFU\UARTDFU\x64\Release\rc.write.1.tlog
E:\UARTDFU_20210721\UARTDFU\UARTDFU\X64\RELEASE\TASKBAR.OBJ
E:\UARTDFU_20210721\UARTDFU\UARTDFU\X64\RELEASE\UARTDFU.EXE.INTERMEDIATE.MANIFEST
E:\UARTDFU_20210721\UARTDFU\UARTDFU\X64\RELEASE\UARTDFU.RES
E:\UARTDFU_20210721\UARTDFU\UARTDFU\X64\RELEASE\VC100.PDB
E:\UARTDFU_20210721\UARTDFU\X64\RELEASE\UARTDFU.EXE
E:\UARTDFU_20210721\UARTDFU\X64\RELEASE\UARTDFU.PDB
